<?xml version="1.0" encoding="UTF-8"?>
<robot generator="Robot 3.2.1 (Python 3.7.4 on win32)" generated="20200706 09:11:32.960" rpa="false">
<suite id="s1" name="TC 001" source="C:\python\RobotFramework\TestCases\TC_001.robot">
<test id="s1-t1" name="Test title">
<kw name="Open Browser" library="SeleniumLibrary">
<doc>Opens a new browser instance to the optional ``url``.</doc>
<arguments>
<arg>${var1}</arg>
<arg>Chrome</arg>
</arguments>
<msg timestamp="20200706 09:11:34.390" level="INFO">Opening browser 'Chrome' to base url 'https://thetestingworld.com/'.</msg>
<status status="PASS" starttime="20200706 09:11:34.390" endtime="20200706 09:11:54.806"></status>
</kw>
<kw name="Maximize Browser Window" library="SeleniumLibrary">
<doc>Maximizes current browser window.</doc>
<status status="PASS" starttime="20200706 09:11:54.946" endtime="20200706 09:11:57.732"></status>
</kw>
<kw name="Click Element" library="SeleniumLibrary">
<doc>Click the element identified by ``locator``.</doc>
<arguments>
<arg>xpath://a[text()='Login']</arg>
</arguments>
<msg timestamp="20200706 09:11:57.736" level="INFO">Clicking element 'xpath://a[text()='Login']'.</msg>
<status status="PASS" starttime="20200706 09:11:57.736" endtime="20200706 09:12:01.496"></status>
</kw>
<kw name="Read Number Of Row In Excel" library="resources1">
<arguments>
<arg>TestData</arg>
</arguments>
<assign>
<var>${row}</var>
</assign>
<kw name="Fetch Number Of Row" library="ReadData">
<arguments>
<arg>${sheetName}</arg>
</arguments>
<assign>
<var>${rows}</var>
</assign>
<msg timestamp="20200706 09:12:01.508" level="INFO">${rows} = 5</msg>
<status status="PASS" starttime="20200706 09:12:01.508" endtime="20200706 09:12:01.512"></status>
</kw>
<msg timestamp="20200706 09:12:01.512" level="INFO">${row} = 5</msg>
<status status="PASS" starttime="20200706 09:12:01.508" endtime="20200706 09:12:01.512"></status>
</kw>
<kw name="Log" library="BuiltIn">
<doc>Logs the given message with the given level.</doc>
<arguments>
<arg>${row}</arg>
</arguments>
<msg timestamp="20200706 09:12:01.512" level="INFO">5</msg>
<status status="PASS" starttime="20200706 09:12:01.512" endtime="20200706 09:12:01.512"></status>
</kw>
<kw name="${i} IN RANGE [ 1 | ${row}+1 ]" type="for">
<msg timestamp="20200706 09:12:01.512" level="WARN">Error in file 'C:\python\RobotFramework\TestCases\TC_001.robot' in FOR loop starting on line 17: For loop header ': FOR' is deprecated. Use 'FOR' instead.</msg>
<msg timestamp="20200706 09:12:01.512" level="WARN">Error in file 'C:\python\RobotFramework\TestCases\TC_001.robot' in FOR loop starting on line 17: Marking for loop body with '\' is deprecated. Remove markers and use 'END' instead.</msg>
<kw name="${i} = 1" type="foritem">
<kw name="Read Excel data By Cell" library="resources1">
<arguments>
<arg>TestData</arg>
<arg>${i}</arg>
<arg>1</arg>
</arguments>
<assign>
<var>${userName}</var>
</assign>
<kw name="Fetch Cell Data" library="ReadData">
<arguments>
<arg>${sheetName}</arg>
<arg>${row}</arg>
<arg>${col}</arg>
</arguments>
<assign>
<var>${value}</var>
</assign>
<msg timestamp="20200706 09:12:01.516" level="INFO">${value} = user1</msg>
<status status="PASS" starttime="20200706 09:12:01.516" endtime="20200706 09:12:01.516"></status>
</kw>
<msg timestamp="20200706 09:12:01.516" level="INFO">${userName} = user1</msg>
<status status="PASS" starttime="20200706 09:12:01.516" endtime="20200706 09:12:01.516"></status>
</kw>
<kw name="Read Excel data By Cell" library="resources1">
<arguments>
<arg>TestData</arg>
<arg>${i}</arg>
<arg>2</arg>
</arguments>
<assign>
<var>${password}</var>
</assign>
<kw name="Fetch Cell Data" library="ReadData">
<arguments>
<arg>${sheetName}</arg>
<arg>${row}</arg>
<arg>${col}</arg>
</arguments>
<assign>
<var>${value}</var>
</assign>
<msg timestamp="20200706 09:12:01.520" level="INFO">${value} = pass1</msg>
<status status="PASS" starttime="20200706 09:12:01.516" endtime="20200706 09:12:01.520"></status>
</kw>
<msg timestamp="20200706 09:12:01.520" level="INFO">${password} = pass1</msg>
<status status="PASS" starttime="20200706 09:12:01.516" endtime="20200706 09:12:01.520"></status>
</kw>
<kw name="Input Text" library="SeleniumLibrary">
<doc>Types the given ``text`` into the text field identified by ``locator``.</doc>
<arguments>
<arg>name:username</arg>
<arg>${userName}</arg>
</arguments>
<msg timestamp="20200706 09:12:01.520" level="INFO">Typing text 'user1' into text field 'name:username'.</msg>
<status status="PASS" starttime="20200706 09:12:01.520" endtime="20200706 09:12:01.786"></status>
</kw>
<kw name="Input Text" library="SeleniumLibrary">
<doc>Types the given ``text`` into the text field identified by ``locator``.</doc>
<arguments>
<arg>name:password</arg>
<arg>${password}</arg>
</arguments>
<msg timestamp="20200706 09:12:01.790" level="INFO">Typing text 'pass1' into text field 'name:password'.</msg>
<status status="PASS" starttime="20200706 09:12:01.786" endtime="20200706 09:12:02.075"></status>
</kw>
<kw name="Click Element" library="SeleniumLibrary">
<doc>Click the element identified by ``locator``.</doc>
<arguments>
<arg>xpath://button[@type="submit"]</arg>
</arguments>
<msg timestamp="20200706 09:12:02.075" level="INFO">Clicking element 'xpath://button[@type="submit"]'.</msg>
<status status="PASS" starttime="20200706 09:12:02.075" endtime="20200706 09:12:04.244"></status>
</kw>
<kw name="Sleep" library="BuiltIn">
<doc>Pauses the test executed for the given time.</doc>
<arguments>
<arg>5</arg>
<arg>second</arg>
</arguments>
<msg timestamp="20200706 09:12:09.259" level="INFO">Slept 5 seconds</msg>
<msg timestamp="20200706 09:12:09.259" level="INFO">second</msg>
<status status="PASS" starttime="20200706 09:12:04.244" endtime="20200706 09:12:09.259"></status>
</kw>
<status status="PASS" starttime="20200706 09:12:01.516" endtime="20200706 09:12:09.259"></status>
</kw>
<kw name="${i} = 2" type="foritem">
<kw name="Read Excel data By Cell" library="resources1">
<arguments>
<arg>TestData</arg>
<arg>${i}</arg>
<arg>1</arg>
</arguments>
<assign>
<var>${userName}</var>
</assign>
<kw name="Fetch Cell Data" library="ReadData">
<arguments>
<arg>${sheetName}</arg>
<arg>${row}</arg>
<arg>${col}</arg>
</arguments>
<assign>
<var>${value}</var>
</assign>
<msg timestamp="20200706 09:12:09.259" level="INFO">${value} = user2</msg>
<status status="PASS" starttime="20200706 09:12:09.259" endtime="20200706 09:12:09.259"></status>
</kw>
<msg timestamp="20200706 09:12:09.259" level="INFO">${userName} = user2</msg>
<status status="PASS" starttime="20200706 09:12:09.259" endtime="20200706 09:12:09.259"></status>
</kw>
<kw name="Read Excel data By Cell" library="resources1">
<arguments>
<arg>TestData</arg>
<arg>${i}</arg>
<arg>2</arg>
</arguments>
<assign>
<var>${password}</var>
</assign>
<kw name="Fetch Cell Data" library="ReadData">
<arguments>
<arg>${sheetName}</arg>
<arg>${row}</arg>
<arg>${col}</arg>
</arguments>
<assign>
<var>${value}</var>
</assign>
<msg timestamp="20200706 09:12:09.263" level="INFO">${value} = pass2</msg>
<status status="PASS" starttime="20200706 09:12:09.259" endtime="20200706 09:12:09.263"></status>
</kw>
<msg timestamp="20200706 09:12:09.263" level="INFO">${password} = pass2</msg>
<status status="PASS" starttime="20200706 09:12:09.259" endtime="20200706 09:12:09.263"></status>
</kw>
<kw name="Input Text" library="SeleniumLibrary">
<doc>Types the given ``text`` into the text field identified by ``locator``.</doc>
<arguments>
<arg>name:username</arg>
<arg>${userName}</arg>
</arguments>
<msg timestamp="20200706 09:12:09.263" level="INFO">Typing text 'user2' into text field 'name:username'.</msg>
<status status="PASS" starttime="20200706 09:12:09.263" endtime="20200706 09:12:09.486"></status>
</kw>
<kw name="Input Text" library="SeleniumLibrary">
<doc>Types the given ``text`` into the text field identified by ``locator``.</doc>
<arguments>
<arg>name:password</arg>
<arg>${password}</arg>
</arguments>
<msg timestamp="20200706 09:12:09.486" level="INFO">Typing text 'pass2' into text field 'name:password'.</msg>
<status status="PASS" starttime="20200706 09:12:09.486" endtime="20200706 09:12:09.837"></status>
</kw>
<kw name="Click Element" library="SeleniumLibrary">
<doc>Click the element identified by ``locator``.</doc>
<arguments>
<arg>xpath://button[@type="submit"]</arg>
</arguments>
<msg timestamp="20200706 09:12:09.841" level="INFO">Clicking element 'xpath://button[@type="submit"]'.</msg>
<status status="PASS" starttime="20200706 09:12:09.837" endtime="20200706 09:12:12.239"></status>
</kw>
<kw name="Sleep" library="BuiltIn">
<doc>Pauses the test executed for the given time.</doc>
<arguments>
<arg>5</arg>
<arg>second</arg>
</arguments>
<msg timestamp="20200706 09:12:17.243" level="INFO">Slept 5 seconds</msg>
<msg timestamp="20200706 09:12:17.243" level="INFO">second</msg>
<status status="PASS" starttime="20200706 09:12:12.239" endtime="20200706 09:12:17.243"></status>
</kw>
<status status="PASS" starttime="20200706 09:12:09.259" endtime="20200706 09:12:17.243"></status>
</kw>
<kw name="${i} = 3" type="foritem">
<kw name="Read Excel data By Cell" library="resources1">
<arguments>
<arg>TestData</arg>
<arg>${i}</arg>
<arg>1</arg>
</arguments>
<assign>
<var>${userName}</var>
</assign>
<kw name="Fetch Cell Data" library="ReadData">
<arguments>
<arg>${sheetName}</arg>
<arg>${row}</arg>
<arg>${col}</arg>
</arguments>
<assign>
<var>${value}</var>
</assign>
<msg timestamp="20200706 09:12:17.243" level="INFO">${value} = user3</msg>
<status status="PASS" starttime="20200706 09:12:17.243" endtime="20200706 09:12:17.243"></status>
</kw>
<msg timestamp="20200706 09:12:17.248" level="INFO">${userName} = user3</msg>
<status status="PASS" starttime="20200706 09:12:17.243" endtime="20200706 09:12:17.248"></status>
</kw>
<kw name="Read Excel data By Cell" library="resources1">
<arguments>
<arg>TestData</arg>
<arg>${i}</arg>
<arg>2</arg>
</arguments>
<assign>
<var>${password}</var>
</assign>
<kw name="Fetch Cell Data" library="ReadData">
<arguments>
<arg>${sheetName}</arg>
<arg>${row}</arg>
<arg>${col}</arg>
</arguments>
<assign>
<var>${value}</var>
</assign>
<msg timestamp="20200706 09:12:17.248" level="INFO">${value} = pass3</msg>
<status status="PASS" starttime="20200706 09:12:17.248" endtime="20200706 09:12:17.248"></status>
</kw>
<msg timestamp="20200706 09:12:17.251" level="INFO">${password} = pass3</msg>
<status status="PASS" starttime="20200706 09:12:17.248" endtime="20200706 09:12:17.251"></status>
</kw>
<kw name="Input Text" library="SeleniumLibrary">
<doc>Types the given ``text`` into the text field identified by ``locator``.</doc>
<arguments>
<arg>name:username</arg>
<arg>${userName}</arg>
</arguments>
<msg timestamp="20200706 09:12:17.251" level="INFO">Typing text 'user3' into text field 'name:username'.</msg>
<status status="PASS" starttime="20200706 09:12:17.251" endtime="20200706 09:12:17.462"></status>
</kw>
<kw name="Input Text" library="SeleniumLibrary">
<doc>Types the given ``text`` into the text field identified by ``locator``.</doc>
<arguments>
<arg>name:password</arg>
<arg>${password}</arg>
</arguments>
<msg timestamp="20200706 09:12:17.462" level="INFO">Typing text 'pass3' into text field 'name:password'.</msg>
<status status="PASS" starttime="20200706 09:12:17.462" endtime="20200706 09:12:17.704"></status>
</kw>
<kw name="Click Element" library="SeleniumLibrary">
<doc>Click the element identified by ``locator``.</doc>
<arguments>
<arg>xpath://button[@type="submit"]</arg>
</arguments>
<msg timestamp="20200706 09:12:17.704" level="INFO">Clicking element 'xpath://button[@type="submit"]'.</msg>
<status status="PASS" starttime="20200706 09:12:17.704" endtime="20200706 09:12:20.204"></status>
</kw>
<kw name="Sleep" library="BuiltIn">
<doc>Pauses the test executed for the given time.</doc>
<arguments>
<arg>5</arg>
<arg>second</arg>
</arguments>
<msg timestamp="20200706 09:12:25.213" level="INFO">Slept 5 seconds</msg>
<msg timestamp="20200706 09:12:25.215" level="INFO">second</msg>
<status status="PASS" starttime="20200706 09:12:20.204" endtime="20200706 09:12:25.215"></status>
</kw>
<status status="PASS" starttime="20200706 09:12:17.243" endtime="20200706 09:12:25.215"></status>
</kw>
<kw name="${i} = 4" type="foritem">
<kw name="Read Excel data By Cell" library="resources1">
<arguments>
<arg>TestData</arg>
<arg>${i}</arg>
<arg>1</arg>
</arguments>
<assign>
<var>${userName}</var>
</assign>
<kw name="Fetch Cell Data" library="ReadData">
<arguments>
<arg>${sheetName}</arg>
<arg>${row}</arg>
<arg>${col}</arg>
</arguments>
<assign>
<var>${value}</var>
</assign>
<msg timestamp="20200706 09:12:25.215" level="INFO">${value} = user4</msg>
<status status="PASS" starttime="20200706 09:12:25.215" endtime="20200706 09:12:25.215"></status>
</kw>
<msg timestamp="20200706 09:12:25.215" level="INFO">${userName} = user4</msg>
<status status="PASS" starttime="20200706 09:12:25.215" endtime="20200706 09:12:25.215"></status>
</kw>
<kw name="Read Excel data By Cell" library="resources1">
<arguments>
<arg>TestData</arg>
<arg>${i}</arg>
<arg>2</arg>
</arguments>
<assign>
<var>${password}</var>
</assign>
<kw name="Fetch Cell Data" library="ReadData">
<arguments>
<arg>${sheetName}</arg>
<arg>${row}</arg>
<arg>${col}</arg>
</arguments>
<assign>
<var>${value}</var>
</assign>
<msg timestamp="20200706 09:12:25.220" level="INFO">${value} = pass4</msg>
<status status="PASS" starttime="20200706 09:12:25.220" endtime="20200706 09:12:25.220"></status>
</kw>
<msg timestamp="20200706 09:12:25.220" level="INFO">${password} = pass4</msg>
<status status="PASS" starttime="20200706 09:12:25.215" endtime="20200706 09:12:25.220"></status>
</kw>
<kw name="Input Text" library="SeleniumLibrary">
<doc>Types the given ``text`` into the text field identified by ``locator``.</doc>
<arguments>
<arg>name:username</arg>
<arg>${userName}</arg>
</arguments>
<msg timestamp="20200706 09:12:25.220" level="INFO">Typing text 'user4' into text field 'name:username'.</msg>
<status status="PASS" starttime="20200706 09:12:25.220" endtime="20200706 09:12:25.432"></status>
</kw>
<kw name="Input Text" library="SeleniumLibrary">
<doc>Types the given ``text`` into the text field identified by ``locator``.</doc>
<arguments>
<arg>name:password</arg>
<arg>${password}</arg>
</arguments>
<msg timestamp="20200706 09:12:25.432" level="INFO">Typing text 'pass4' into text field 'name:password'.</msg>
<status status="PASS" starttime="20200706 09:12:25.432" endtime="20200706 09:12:25.708"></status>
</kw>
<kw name="Click Element" library="SeleniumLibrary">
<doc>Click the element identified by ``locator``.</doc>
<arguments>
<arg>xpath://button[@type="submit"]</arg>
</arguments>
<msg timestamp="20200706 09:12:25.708" level="INFO">Clicking element 'xpath://button[@type="submit"]'.</msg>
<status status="PASS" starttime="20200706 09:12:25.708" endtime="20200706 09:12:28.204"></status>
</kw>
<kw name="Sleep" library="BuiltIn">
<doc>Pauses the test executed for the given time.</doc>
<arguments>
<arg>5</arg>
<arg>second</arg>
</arguments>
<msg timestamp="20200706 09:12:33.204" level="INFO">Slept 5 seconds</msg>
<msg timestamp="20200706 09:12:33.204" level="INFO">second</msg>
<status status="PASS" starttime="20200706 09:12:28.204" endtime="20200706 09:12:33.204"></status>
</kw>
<status status="PASS" starttime="20200706 09:12:25.215" endtime="20200706 09:12:33.204"></status>
</kw>
<kw name="${i} = 5" type="foritem">
<kw name="Read Excel data By Cell" library="resources1">
<arguments>
<arg>TestData</arg>
<arg>${i}</arg>
<arg>1</arg>
</arguments>
<assign>
<var>${userName}</var>
</assign>
<kw name="Fetch Cell Data" library="ReadData">
<arguments>
<arg>${sheetName}</arg>
<arg>${row}</arg>
<arg>${col}</arg>
</arguments>
<assign>
<var>${value}</var>
</assign>
<msg timestamp="20200706 09:12:33.208" level="INFO">${value} = user5</msg>
<status status="PASS" starttime="20200706 09:12:33.208" endtime="20200706 09:12:33.208"></status>
</kw>
<msg timestamp="20200706 09:12:33.212" level="INFO">${userName} = user5</msg>
<status status="PASS" starttime="20200706 09:12:33.204" endtime="20200706 09:12:33.212"></status>
</kw>
<kw name="Read Excel data By Cell" library="resources1">
<arguments>
<arg>TestData</arg>
<arg>${i}</arg>
<arg>2</arg>
</arguments>
<assign>
<var>${password}</var>
</assign>
<kw name="Fetch Cell Data" library="ReadData">
<arguments>
<arg>${sheetName}</arg>
<arg>${row}</arg>
<arg>${col}</arg>
</arguments>
<assign>
<var>${value}</var>
</assign>
<msg timestamp="20200706 09:12:33.212" level="INFO">${value} = pass5</msg>
<status status="PASS" starttime="20200706 09:12:33.212" endtime="20200706 09:12:33.212"></status>
</kw>
<msg timestamp="20200706 09:12:33.212" level="INFO">${password} = pass5</msg>
<status status="PASS" starttime="20200706 09:12:33.212" endtime="20200706 09:12:33.212"></status>
</kw>
<kw name="Input Text" library="SeleniumLibrary">
<doc>Types the given ``text`` into the text field identified by ``locator``.</doc>
<arguments>
<arg>name:username</arg>
<arg>${userName}</arg>
</arguments>
<msg timestamp="20200706 09:12:33.212" level="INFO">Typing text 'user5' into text field 'name:username'.</msg>
<status status="PASS" starttime="20200706 09:12:33.212" endtime="20200706 09:12:34.419"></status>
</kw>
<kw name="Input Text" library="SeleniumLibrary">
<doc>Types the given ``text`` into the text field identified by ``locator``.</doc>
<arguments>
<arg>name:password</arg>
<arg>${password}</arg>
</arguments>
<msg timestamp="20200706 09:12:34.419" level="INFO">Typing text 'pass5' into text field 'name:password'.</msg>
<status status="PASS" starttime="20200706 09:12:34.419" endtime="20200706 09:12:34.978"></status>
</kw>
<kw name="Click Element" library="SeleniumLibrary">
<doc>Click the element identified by ``locator``.</doc>
<arguments>
<arg>xpath://button[@type="submit"]</arg>
</arguments>
<msg timestamp="20200706 09:12:34.978" level="INFO">Clicking element 'xpath://button[@type="submit"]'.</msg>
<status status="PASS" starttime="20200706 09:12:34.978" endtime="20200706 09:12:37.369"></status>
</kw>
<kw name="Sleep" library="BuiltIn">
<doc>Pauses the test executed for the given time.</doc>
<arguments>
<arg>5</arg>
<arg>second</arg>
</arguments>
<msg timestamp="20200706 09:12:42.376" level="INFO">Slept 5 seconds</msg>
<msg timestamp="20200706 09:12:42.376" level="INFO">second</msg>
<status status="PASS" starttime="20200706 09:12:37.369" endtime="20200706 09:12:42.376"></status>
</kw>
<status status="PASS" starttime="20200706 09:12:33.204" endtime="20200706 09:12:42.376"></status>
</kw>
<status status="PASS" starttime="20200706 09:12:01.512" endtime="20200706 09:12:42.376"></status>
</kw>
<status status="PASS" starttime="20200706 09:11:34.390" endtime="20200706 09:12:42.376" critical="yes"></status>
</test>
<status status="PASS" starttime="20200706 09:11:32.964" endtime="20200706 09:12:42.384"></status>
</suite>
<statistics>
<total>
<stat pass="1" fail="0">Critical Tests</stat>
<stat pass="1" fail="0">All Tests</stat>
</total>
<tag>
</tag>
<suite>
<stat pass="1" fail="0" id="s1" name="TC 001">TC 001</stat>
</suite>
</statistics>
<errors>
<msg timestamp="20200706 09:12:01.512" level="WARN">Error in file 'C:\python\RobotFramework\TestCases\TC_001.robot' in FOR loop starting on line 17: For loop header ': FOR' is deprecated. Use 'FOR' instead.</msg>
<msg timestamp="20200706 09:12:01.512" level="WARN">Error in file 'C:\python\RobotFramework\TestCases\TC_001.robot' in FOR loop starting on line 17: Marking for loop body with '\' is deprecated. Remove markers and use 'END' instead.</msg>
</errors>
</robot>
